
2018-12-24 16:18:34

Operating System
  Name                        = Mac OS X
  Version                     = 10.13.2
  Architecture                = 64bit
  # CPUs                      = 4
  Memory                      = 8589934592

Node.js
  Node.js Version             = 8.9.1
  npm Version                 = 6.3.0

Titanium CLI
  CLI Version                 = 5.0.14

Titanium SDK
  SDK Version                 = 7.0.1.GA
  SDK Path                    = /Users/doe/Library/Application Support/Titanium/mobilesdk/osx/7.0.1.GA
  Target Platform             = iphone

Command
  /usr/local/bin/node /Users/doe/.appcelerator/install/7.0.1/package/node_modules/titanium/lib/titanium.js build --platform ios --project-dir /Users/doe/Documents/Appcelerator_Studio_Workspace/ci-geofencing/ios --build-only --log-level trace --no-colors --no-progress-bars --no-prompt --no-banner --prompt-type socket-bundle --prompt-port 49205 --config-file /var/folders/5k/2c3xw47109jfc16m0r0l00g00000gn/T/build-1545648509474.json --no-banner --project-dir /Users/doe/Documents/Appcelerator_Studio_Workspace/ci-geofencing/ios

[DEBUG]  Titanium SDK iOS directory: /Users/doe/Library/Application Support/Titanium/mobilesdk/osx/7.0.1.GA/iphone
[INFO]   Project directory: /Users/doe/Documents/Appcelerator_Studio_Workspace/ci-geofencing/ios
[INFO]   Module ID: ci.geofencing
[WARN]   Please update the LICENSE file with your license text before distributing.
[DEBUG]  Writing module assets file: /Users/doe/Documents/Appcelerator_Studio_Workspace/ci-geofencing/ios/Classes/CiGeofencingModuleAssets.m
[DEBUG]  Running: DEVELOPER_DIR=/Applications/Xcode.app/Contents/Developer /Applications/Xcode.app/Contents/Developer/usr/bin/xcodebuild -configuration Release -sdk iphoneos
[DEBUG]  Running: DEVELOPER_DIR=/Applications/Xcode.app/Contents/Developer /Applications/Xcode.app/Contents/Developer/usr/bin/xcodebuild -configuration Release -sdk iphonesimulator
[TRACE]  [xcode-sim] Build settings from command line:
[TRACE]  [xcode-sim]     SDKROOT = iphonesimulator11.2
[TRACE]  [xcode-dist] Build settings from command line:
[TRACE]  [xcode-dist]     SDKROOT = iphoneos11.2
[TRACE]  [xcode-dist] === BUILD TARGET ci-geofencing OF PROJECT ci-geofencing WITH CONFIGURATION Release ===
[TRACE]  [xcode-dist] Check dependencies
[TRACE]  [xcode-sim] === BUILD TARGET ci-geofencing OF PROJECT ci-geofencing WITH CONFIGURATION Release ===
[TRACE]  [xcode-sim] Check dependencies
[TRACE]  [xcode-sim] CompileC build/ci-geofencing.build/Release-iphonesimulator/ci-geofencing.build/Objects-normal/i386/CiGeofencingModuleAssets.o Classes/CiGeofencingModuleAssets.m normal i386 objective-c com.apple.compilers.llvm.clang.1_0.compiler
[TRACE]  [xcode-sim]     cd /Users/doe/Documents/Appcelerator_Studio_Workspace/ci-geofencing/ios
[TRACE]  [xcode-sim]     export LANG=en_US.US-ASCII
[TRACE]  [xcode-sim]     export PATH="/Applications/Xcode.app/Contents/Developer/Platforms/iPhoneSimulator.platform/Developer/usr/bin:/Applications/Xcode.app/Contents/Developer/usr/bin:/Library/Java/JavaVirtualMachines/jdk1.8.0_131.jdk/Contents/Home/bin:/usr/local/bin:/usr/bin:/bin:/usr/sbin:/sbin"
[TRACE]  [xcode-sim]     /Applications/Xcode.app/Contents/Developer/Toolchains/XcodeDefault.xctoolchain/usr/bin/clang -x objective-c -arch i386 -fmessage-length=0 -fdiagnostics-show-note-include-stack -fmacro-backtrace-limit=0 -std=c99 -Wno-trigraphs -fpascal-strings -Os -fno-common -Wno-missing-field-initializers -Wno-missing-prototypes -Wno-return-type -Wunreachable-code -Wno-implicit-atomic-properties -Wno-arc-repeated-use-of-weak -Wduplicate-method-match -Wno-missing-braces -Wno-parentheses -Wswitch -Wunused-function -Wno-unused-label -Wno-unused-parameter -Wno-unused-variable -Wno-unused-value -Wempty-body -Wuninitialized -Wno-unknown-pragmas -Wno-shadow -Wno-four-char-constants -Wno-conversion -Wconstant-conversion -Wint-conversion -Wbool-conversion -Wenum-conversion -Wno-float-conversion -Wnon-literal-null-conversion -Wobjc-literal-conversion -Wshorten-64-to-32 -Wpointer-sign -Wno-newline-eof -Wno-selector -Wno-strict-selector-match -Wundeclared-selector -Wno-deprecated-implementations -DTI_VERSION= -DOBJC_OLD_DISPATCH_PROTOTYPES=0 -isysroot /Applications/Xcode.app/Contents/Developer/Platforms/iPhoneSimulator.platform/Developer/SDKs/iPhoneSimulator11.2.sdk -fasm-blocks -fstrict-aliasing -Wprotocol -Wdeprecated-declarations -mios-simulator-version-min=8.0 -g -Wno-sign-conversion -Winfinite-recursion -Wcomma -Wblock-capture-autoreleasing -Wstrict-prototypes -fobjc-abi-version=2 -fobjc-legacy-dispatch -iquote /Users/doe/Documents/Appcelerator_Studio_Workspace/ci-geofencing/ios/build/ci-geofencing.build/Release-iphonesimulator/ci-geofencing.build/CiGeofencing-generated-files.hmap -I/Users/doe/Documents/Appcelerator_Studio_Workspace/ci-geofencing/ios/build/ci-geofencing.build/Release-iphonesimulator/ci-geofencing.build/CiGeofencing-own-target-headers.hmap -I/Users/doe/Documents/Appcelerator_Studio_Workspace/ci-geofencing/ios/build/ci-geofencing.build/Release-iphonesimulator/ci-geofencing.build/CiGeofencing-all-target-headers.hmap -iquote /Users/doe/Documents/Appcelerator_Studio_Workspace/ci-geofencing/ios/build/ci-geofencing.build/Release-iphonesimulator/ci-geofencing.build/CiGeofencing-project-headers.hmap -I/Users/doe/Documents/Appcelerator_Studio_Workspace/ci-geofencing/ios/build/Release-iphonesimulator/include -I/Users/doe/Library/Application\ Support/Titanium/mobilesdk/osx/7.0.0.GA/iphone/include -I/Users/doe/Library/Application\ Support/Titanium/mobilesdk/osx/7.0.0.GA/iphone/include/TiCore -I/Users/doe/Library/Application\ Support/Titanium/mobilesdk/osx/7.0.0.GA/iphone/include/JavaScriptCore -I/Users/doe/Documents/Appcelerator_Studio_Workspace/ci-geofencing/ios/build/ci-geofencing.build/Release-iphonesimulator/ci-geofencing.build/DerivedSources/i386 -I/Users/doe/Documents/Appcelerator_Studio_Workspace/ci-geofencing/ios/build/ci-geofencing.build/Release-iphonesimulator/ci-geofencing.build/DerivedSources -F/Users/doe/Documents/Appcelerator_Studio_Workspace/ci-geofencing/ios/build/Release-iphonesimulator -DTI_POST_1_2 -include /Users/doe/Documents/Appcelerator_Studio_Workspace/ci-geofencing/ios/build/SharedPrecompiledHeaders/CiGeofencing_Prefix-aohwdcdvtsklhocnhhydvniagvcz/CiGeofencing_Prefix.pch -MMD -MT dependencies -MF /Users/doe/Documents/Appcelerator_Studio_Workspace/ci-geofencing/ios/build/ci-geofencing.build/Release-iphonesimulator/ci-geofencing.build/Objects-normal/i386/CiGeofencingModuleAssets.d --serialize-diagnostics /Users/doe/Documents/Appcelerator_Studio_Workspace/ci-geofencing/ios/build/ci-geofencing.build/Release-iphonesimulator/ci-geofencing.build/Objects-normal/i386/CiGeofencingModuleAssets.dia -c /Users/doe/Documents/Appcelerator_Studio_Workspace/ci-geofencing/ios/Classes/CiGeofencingModuleAssets.m -o /Users/doe/Documents/Appcelerator_Studio_Workspace/ci-geofencing/ios/build/ci-geofencing.build/Release-iphonesimulator/ci-geofencing.build/Objects-normal/i386/CiGeofencingModuleAssets.o
[TRACE]  [xcode-dist] CompileC build/ci-geofencing.build/Release-iphoneos/ci-geofencing.build/Objects-normal/armv7/CiGeofencingModule.o Classes/CiGeofencingModule.m normal armv7 objective-c com.apple.compilers.llvm.clang.1_0.compiler
[TRACE]  [xcode-dist]     cd /Users/doe/Documents/Appcelerator_Studio_Workspace/ci-geofencing/ios
[TRACE]  [xcode-dist]     export LANG=en_US.US-ASCII
[TRACE]  [xcode-dist]     export PATH="/Applications/Xcode.app/Contents/Developer/Platforms/iPhoneOS.platform/Developer/usr/bin:/Applications/Xcode.app/Contents/Developer/usr/bin:/Library/Java/JavaVirtualMachines/jdk1.8.0_131.jdk/Contents/Home/bin:/usr/local/bin:/usr/bin:/bin:/usr/sbin:/sbin"
[TRACE]  [xcode-dist]     /Applications/Xcode.app/Contents/Developer/Toolchains/XcodeDefault.xctoolchain/usr/bin/clang -x objective-c -arch armv7 -fmessage-length=0 -fdiagnostics-show-note-include-stack -fmacro-backtrace-limit=0 -std=c99 -Wno-trigraphs -fpascal-strings -Os -fno-common -Wno-missing-field-initializers -Wno-missing-prototypes -Wno-return-type -Wunreachable-code -Wno-implicit-atomic-properties -Wno-arc-repeated-use-of-weak -Wduplicate-method-match -Wno-missing-braces -Wno-parentheses -Wswitch -Wunused-function -Wno-unused-label -Wno-unused-parameter -Wno-unused-variable -Wno-unused-value -Wempty-body -Wuninitialized -Wno-unknown-pragmas -Wno-shadow -Wno-four-char-constants -Wno-conversion -Wconstant-conversion -Wint-conversion -Wbool-conversion -Wenum-conversion -Wno-float-conversion -Wnon-literal-null-conversion -Wobjc-literal-conversion -Wshorten-64-to-32 -Wpointer-sign -Wno-newline-eof -Wno-selector -Wno-strict-selector-match -Wundeclared-selector -Wno-deprecated-implementations -DTI_VERSION= -DOBJC_OLD_DISPATCH_PROTOTYPES=0 -isysroot /Applications/Xcode.app/Contents/Developer/Platforms/iPhoneOS.platform/Developer/SDKs/iPhoneOS11.2.sdk -fstrict-aliasing -Wprotocol -Wdeprecated-declarations -miphoneos-version-min=8.0 -g -Wno-sign-conversion -Winfinite-recursion -Wcomma -Wblock-capture-autoreleasing -Wstrict-prototypes -fembed-bitcode-marker -iquote /Users/doe/Documents/Appcelerator_Studio_Workspace/ci-geofencing/ios/build/ci-geofencing.build/Release-iphoneos/ci-geofencing.build/CiGeofencing-generated-files.hmap -I/Users/doe/Documents/Appcelerator_Studio_Workspace/ci-geofencing/ios/build/ci-geofencing.build/Release-iphoneos/ci-geofencing.build/CiGeofencing-own-target-headers.hmap -I/Users/doe/Documents/Appcelerator_Studio_Workspace/ci-geofencing/ios/build/ci-geofencing.build/Release-iphoneos/ci-geofencing.build/CiGeofencing-all-target-headers.hmap -iquote /Users/doe/Documents/Appcelerator_Studio_Workspace/ci-geofencing/ios/build/ci-geofencing.build/Release-iphoneos/ci-geofencing.build/CiGeofencing-project-headers.hmap -I/Users/doe/Documents/Appcelerator_Studio_Workspace/ci-geofencing/ios/build/Release-iphoneos/include -I/Users/doe/Library/Application\ Support/Titanium/mobilesdk/osx/7.0.0.GA/iphone/include -I/Users/doe/Library/Application\ Support/Titanium/mobilesdk/osx/7.0.0.GA/iphone/include/TiCore -I/Users/doe/Library/Application\ Support/Titanium/mobilesdk/osx/7.0.0.GA/iphone/include/JavaScriptCore -I/Users/doe/Documents/Appcelerator_Studio_Workspace/ci-geofencing/ios/build/ci-geofencing.build/Release-iphoneos/ci-geofencing.build/DerivedSources/armv7 -I/Users/doe/Documents/Appcelerator_Studio_Workspace/ci-geofencing/ios/build/ci-geofencing.build/Release-iphoneos/ci-geofencing.build/DerivedSources -F/Users/doe/Documents/Appcelerator_Studio_Workspace/ci-geofencing/ios/build/Release-iphoneos -DTI_POST_1_2 -include /Users/doe/Documents/Appcelerator_Studio_Workspace/ci-geofencing/ios/build/SharedPrecompiledHeaders/CiGeofencing_Prefix-bjyeqvliaiiktvdcpampbjpfjygr/CiGeofencing_Prefix.pch -MMD -MT dependencies -MF /Users/doe/Documents/Appcelerator_Studio_Workspace/ci-geofencing/ios/build/ci-geofencing.build/Release-iphoneos/ci-geofencing.build/Objects-normal/armv7/CiGeofencingModule.d --serialize-diagnostics /Users/doe/Documents/Appcelerator_Studio_Workspace/ci-geofencing/ios/build/ci-geofencing.build/Release-iphoneos/ci-geofencing.build/Objects-normal/armv7/CiGeofencingModule.dia -c /Users/doe/Documents/Appcelerator_Studio_Workspace/ci-geofencing/ios/Classes/CiGeofencingModule.m -o /Users/doe/Documents/Appcelerator_Studio_Workspace/ci-geofencing/ios/build/ci-geofencing.build/Release-iphoneos/ci-geofencing.build/Objects-normal/armv7/CiGeofencingModule.o
[TRACE]  [xcode-sim] CompileC build/ci-geofencing.build/Release-iphonesimulator/ci-geofencing.build/Objects-normal/i386/CiGeofencingModule.o Classes/CiGeofencingModule.m normal i386 objective-c com.apple.compilers.llvm.clang.1_0.compiler
[TRACE]  [xcode-sim]     cd /Users/doe/Documents/Appcelerator_Studio_Workspace/ci-geofencing/ios
[TRACE]  [xcode-sim]     export LANG=en_US.US-ASCII
[TRACE]  [xcode-sim]     export PATH="/Applications/Xcode.app/Contents/Developer/Platforms/iPhoneSimulator.platform/Developer/usr/bin:/Applications/Xcode.app/Contents/Developer/usr/bin:/Library/Java/JavaVirtualMachines/jdk1.8.0_131.jdk/Contents/Home/bin:/usr/local/bin:/usr/bin:/bin:/usr/sbin:/sbin"
[TRACE]  [xcode-sim]     /Applications/Xcode.app/Contents/Developer/Toolchains/XcodeDefault.xctoolchain/usr/bin/clang -x objective-c -arch i386 -fmessage-length=0 -fdiagnostics-show-note-include-stack -fmacro-backtrace-limit=0 -std=c99 -Wno-trigraphs -fpascal-strings -Os -fno-common -Wno-missing-field-initializers -Wno-missing-prototypes -Wno-return-type -Wunreachable-code -Wno-implicit-atomic-properties -Wno-arc-repeated-use-of-weak -Wduplicate-method-match -Wno-missing-braces -Wno-parentheses -Wswitch -Wunused-function -Wno-unused-label -Wno-unused-parameter -Wno-unused-variable -Wno-unused-value -Wempty-body -Wuninitialized -Wno-unknown-pragmas -Wno-shadow -Wno-four-char-constants -Wno-conversion -Wconstant-conversion -Wint-conversion -Wbool-conversion -Wenum-conversion -Wno-float-conversion -Wnon-literal-null-conversion -Wobjc-literal-conversion -Wshorten-64-to-32 -Wpointer-sign -Wno-newline-eof -Wno-selector -Wno-strict-selector-match -Wundeclared-selector -Wno-deprecated-implementations -DTI_VERSION= -DOBJC_OLD_DISPATCH_PROTOTYPES=0 -isysroot /Applications/Xcode.app/Contents/Developer/Platforms/iPhoneSimulator.platform/Developer/SDKs/iPhoneSimulator11.2.sdk -fasm-blocks -fstrict-aliasing -Wprotocol -Wdeprecated-declarations -mios-simulator-version-min=8.0 -g -Wno-sign-conversion -Winfinite-recursion -Wcomma -Wblock-capture-autoreleasing -Wstrict-prototypes -fobjc-abi-version=2 -fobjc-legacy-dispatch -iquote /Users/doe/Documents/Appcelerator_Studio_Workspace/ci-geofencing/ios/build/ci-geofencing.build/Release-iphonesimulator/ci-geofencing.build/CiGeofencing-generated-files.hmap -I/Users/doe/Documents/Appcelerator_Studio_Workspace/ci-geofencing/ios/build/ci-geofencing.build/Release-iphonesimulator/ci-geofencing.build/CiGeofencing-own-target-headers.hmap -I/Users/doe/Documents/Appcelerator_Studio_Workspace/ci-geofencing/ios/build/ci-geofencing.build/Release-iphonesimulator/ci-geofencing.build/CiGeofencing-all-target-headers.hmap -iquote /Users/doe/Documents/Appcelerator_Studio_Workspace/ci-geofencing/ios/build/ci-geofencing.build/Release-iphonesimulator/ci-geofencing.build/CiGeofencing-project-headers.hmap -I/Users/doe/Documents/Appcelerator_Studio_Workspace/ci-geofencing/ios/build/Release-iphonesimulator/include -I/Users/doe/Library/Application\ Support/Titanium/mobilesdk/osx/7.0.0.GA/iphone/include -I/Users/doe/Library/Application\ Support/Titanium/mobilesdk/osx/7.0.0.GA/iphone/include/TiCore -I/Users/doe/Library/Application\ Support/Titanium/mobilesdk/osx/7.0.0.GA/iphone/include/JavaScriptCore -I/Users/doe/Documents/Appcelerator_Studio_Workspace/ci-geofencing/ios/build/ci-geofencing.build/Release-iphonesimulator/ci-geofencing.build/DerivedSources/i386 -I/Users/doe/Documents/Appcelerator_Studio_Workspace/ci-geofencing/ios/build/ci-geofencing.build/Release-iphonesimulator/ci-geofencing.build/DerivedSources -F/Users/doe/Documents/Appcelerator_Studio_Workspace/ci-geofencing/ios/build/Release-iphonesimulator -DTI_POST_1_2 -include /Users/doe/Documents/Appcelerator_Studio_Workspace/ci-geofencing/ios/build/SharedPrecompiledHeaders/CiGeofencing_Prefix-aohwdcdvtsklhocnhhydvniagvcz/CiGeofencing_Prefix.pch -MMD -MT dependencies -MF /Users/doe/Documents/Appcelerator_Studio_Workspace/ci-geofencing/ios/build/ci-geofencing.build/Release-iphonesimulator/ci-geofencing.build/Objects-normal/i386/CiGeofencingModule.d --serialize-diagnostics /Users/doe/Documents/Appcelerator_Studio_Workspace/ci-geofencing/ios/build/ci-geofencing.build/Release-iphonesimulator/ci-geofencing.build/Objects-normal/i386/CiGeofencingModule.dia -c /Users/doe/Documents/Appcelerator_Studio_Workspace/ci-geofencing/ios/Classes/CiGeofencingModule.m -o /Users/doe/Documents/Appcelerator_Studio_Workspace/ci-geofencing/ios/build/ci-geofencing.build/Release-iphonesimulator/ci-geofencing.build/Objects-normal/i386/CiGeofencingModule.o
[TRACE]  [xcode-dist] In file included from /Users/doe/Documents/Appcelerator_Studio_Workspace/ci-geofencing/ios/Classes/CiGeofencingModule.m:7:
[TRACE]  [xcode-dist] In file included from /Users/doe/Documents/Appcelerator_Studio_Workspace/ci-geofencing/ios/Classes/CiGeofencingModule.h:7:
[TRACE]  [xcode-dist] In file included from /Users/doe/Library/Application Support/Titanium/mobilesdk/osx/7.0.0.GA/iphone/include/TiModule.h:7:
[TRACE]  [xcode-dist] In file included from /Users/doe/Library/Application Support/Titanium/mobilesdk/osx/7.0.0.GA/iphone/include/TiEvaluator.h:7:
[TRACE]  [xcode-dist] In file included from /Users/doe/Library/Application Support/Titanium/mobilesdk/osx/7.0.0.GA/iphone/include/KrollContext.h:7:
[TRACE]  [xcode-dist] In file included from /Users/doe/Library/Application Support/Titanium/mobilesdk/osx/7.0.0.GA/iphone/include/TiToJS.h:122:
[TRACE]  [xcode-dist] In file included from /Users/doe/Library/Application Support/Titanium/mobilesdk/osx/7.0.0.GA/iphone/include/JavaScriptCore/TiCore.h:36:
[TRACE]  [xcode-dist] In file included from /Users/doe/Library/Application Support/Titanium/mobilesdk/osx/7.0.0.GA/iphone/include/JavaScriptCore/Ti.h:38:
[TRACE]  [xcode-dist] /Users/doe/Library/Application Support/Titanium/mobilesdk/osx/7.0.0.GA/iphone/include/JavaScriptCore/TiContextRef.h:58:49: warning: this function declaration is not a prototype [-Wstrict-prototypes]
[TRACE]  [xcode-dist] JS_EXPORT TiContextGroupRef TiContextGroupCreate() CF_AVAILABLE(10_6, 7_0);
[TRACE]  [xcode-dist]                                                 ^
[TRACE]  [xcode-dist]                                                  void
[TRACE]  [xcode-dist] In file included from /Users/doe/Documents/Appcelerator_Studio_Workspace/ci-geofencing/ios/Classes/CiGeofencingModule.m:7:
[TRACE]  [xcode-dist] In file included from /Users/doe/Documents/Appcelerator_Studio_Workspace/ci-geofencing/ios/Classes/CiGeofencingModule.h:7:
[TRACE]  [xcode-dist] In file included from /Users/doe/Library/Application Support/Titanium/mobilesdk/osx/7.0.0.GA/iphone/include/TiModule.h:7:
[TRACE]  [xcode-dist] In file included from /Users/doe/Library/Application Support/Titanium/mobilesdk/osx/7.0.0.GA/iphone/include/TiEvaluator.h:7:
[TRACE]  [xcode-dist] /Users/doe/Library/Application Support/Titanium/mobilesdk/osx/7.0.0.GA/iphone/include/KrollContext.h:74:38: warning: this block declaration is not a prototype [-Wstrict-prototypes]
[TRACE]  [xcode-dist] - (void)invokeBlockOnThread:(void (^)())block;
[TRACE]  [xcode-dist]                                      ^
[TRACE]  [xcode-dist]                                       void
[TRACE]  [xcode-dist] /Users/doe/Library/Application Support/Titanium/mobilesdk/osx/7.0.0.GA/iphone/include/KrollContext.h:75:30: warning: this block declaration is not a prototype [-Wstrict-prototypes]
[TRACE]  [xcode-dist] + (void)invokeBlock:(void (^)())block;
[TRACE]  [xcode-dist]                              ^
[TRACE]  [xcode-dist]                               void
[TRACE]  [xcode-dist] In file included from /Users/doe/Documents/Appcelerator_Studio_Workspace/ci-geofencing/ios/Classes/CiGeofencingModule.m:7:
[TRACE]  [xcode-dist] In file included from /Users/doe/Documents/Appcelerator_Studio_Workspace/ci-geofencing/ios/Classes/CiGeofencingModule.h:7:
[TRACE]  [xcode-dist] In file included from /Users/doe/Library/Application Support/Titanium/mobilesdk/osx/7.0.0.GA/iphone/include/TiModule.h:8:
[TRACE]  [xcode-dist] In file included from /Users/doe/Library/Application Support/Titanium/mobilesdk/osx/7.0.0.GA/iphone/include/TiProxy.h:14:
[TRACE]  [xcode-dist] /Users/doe/Library/Application Support/Titanium/mobilesdk/osx/7.0.0.GA/iphone/include/TiBase.h:75:42: warning: this function declaration is not a prototype [-Wstrict-prototypes]
[TRACE]  [xcode-dist] NSMutableArray *TiCreateNonRetainingArray();
[TRACE]  [xcode-dist]                                          ^
[TRACE]  [xcode-dist]                                           void
[TRACE]  [xcode-dist] /Users/doe/Library/Application Support/Titanium/mobilesdk/osx/7.0.0.GA/iphone/include/TiBase.h:78:52: warning: this function declaration is not a prototype [-Wstrict-prototypes]
[TRACE]  [xcode-dist] NSMutableDictionary *TiCreateNonRetainingDictionary();
[TRACE]  [xcode-dist]                                                    ^
[TRACE]  [xcode-dist]                                                     void
[TRACE]  [xcode-dist] /Users/doe/Documents/Appcelerator_Studio_Workspace/ci-geofencing/ios/Classes/CiGeofencingModule.m:175:33: warning: 'initCircularRegionWithCenter:radius:identifier:' is deprecated: first deprecated in iOS 7.0 - Please see CLCircularRegion [-Wdeprecated-declarations]
[TRACE]  [xcode-dist]         region = [[CLRegion alloc] initCircularRegionWithCenter:centerCoordinate
[TRACE]  [xcode-dist]                                    ^
[TRACE]  [xcode-dist] In file included from /Users/doe/Documents/Appcelerator_Studio_Workspace/ci-geofencing/ios/Classes/CiGeofencingModule.m:7:
[TRACE]  [xcode-dist] In file included from /Users/doe/Documents/Appcelerator_Studio_Workspace/ci-geofencing/ios/Classes/CiGeofencingModule.h:8:
[TRACE]  [xcode-dist] In file included from /Applications/Xcode.app/Contents/Developer/Platforms/iPhoneOS.platform/Developer/SDKs/iPhoneOS11.2.sdk/System/Library/Frameworks/CoreLocation.framework/Headers/CoreLocation.h:20:
[TRACE]  [xcode-dist] /Applications/Xcode.app/Contents/Developer/Platforms/iPhoneOS.platform/Developer/SDKs/iPhoneOS11.2.sdk/System/Library/Frameworks/CoreLocation.framework/Headers/CLRegion.h:66:1: note: 'initCircularRegionWithCenter:radius:identifier:' has been explicitly marked deprecated here
[TRACE]  [xcode-dist] - (instancetype)initCircularRegionWithCenter:(CLLocationCoordinate2D)center
[TRACE]  [xcode-dist] ^
[TRACE]  [xcode-dist] 6 warnings generated.
[TRACE]  [xcode-dist] CompileC build/ci-geofencing.build/Release-iphoneos/ci-geofencing.build/Objects-normal/armv7/CiGeofencingModuleAssets.o Classes/CiGeofencingModuleAssets.m normal armv7 objective-c com.apple.compilers.llvm.clang.1_0.compiler
[TRACE]  [xcode-dist]     cd /Users/doe/Documents/Appcelerator_Studio_Workspace/ci-geofencing/ios
[TRACE]  [xcode-dist]     export LANG=en_US.US-ASCII
[TRACE]  [xcode-dist]     export PATH="/Applications/Xcode.app/Contents/Developer/Platforms/iPhoneOS.platform/Developer/usr/bin:/Applications/Xcode.app/Contents/Developer/usr/bin:/Library/Java/JavaVirtualMachines/jdk1.8.0_131.jdk/Contents/Home/bin:/usr/local/bin:/usr/bin:/bin:/usr/sbin:/sbin"
[TRACE]  [xcode-dist]     /Applications/Xcode.app/Contents/Developer/Toolchains/XcodeDefault.xctoolchain/usr/bin/clang -x objective-c -arch armv7 -fmessage-length=0 -fdiagnostics-show-note-include-stack -fmacro-backtrace-limit=0 -std=c99 -Wno-trigraphs -fpascal-strings -Os -fno-common -Wno-missing-field-initializers -Wno-missing-prototypes -Wno-return-type -Wunreachable-code -Wno-implicit-atomic-properties -Wno-arc-repeated-use-of-weak -Wduplicate-method-match -Wno-missing-braces -Wno-parentheses -Wswitch -Wunused-function -Wno-unused-label -Wno-unused-parameter -Wno-unused-variable -Wno-unused-value -Wempty-body -Wuninitialized -Wno-unknown-pragmas -Wno-shadow -Wno-four-char-constants -Wno-conversion -Wconstant-conversion -Wint-conversion -Wbool-conversion -Wenum-conversion -Wno-float-conversion -Wnon-literal-null-conversion -Wobjc-literal-conversion -Wshorten-64-to-32 -Wpointer-sign -Wno-newline-eof -Wno-selector -Wno-strict-selector-match -Wundeclared-selector -Wno-deprecated-implementations -DTI_VERSION= -DOBJC_OLD_DISPATCH_PROTOTYPES=0 -isysroot /Applications/Xcode.app/Contents/Developer/Platforms/iPhoneOS.platform/Developer/SDKs/iPhoneOS11.2.sdk -fstrict-aliasing -Wprotocol -Wdeprecated-declarations -miphoneos-version-min=8.0 -g -Wno-sign-conversion -Winfinite-recursion -Wcomma -Wblock-capture-autoreleasing -Wstrict-prototypes -fembed-bitcode-marker -iquote /Users/doe/Documents/Appcelerator_Studio_Workspace/ci-geofencing/ios/build/ci-geofencing.build/Release-iphoneos/ci-geofencing.build/CiGeofencing-generated-files.hmap -I/Users/doe/Documents/Appcelerator_Studio_Workspace/ci-geofencing/ios/build/ci-geofencing.build/Release-iphoneos/ci-geofencing.build/CiGeofencing-own-target-headers.hmap -I/Users/doe/Documents/Appcelerator_Studio_Workspace/ci-geofencing/ios/build/ci-geofencing.build/Release-iphoneos/ci-geofencing.build/CiGeofencing-all-target-headers.hmap -iquote /Users/doe/Documents/Appcelerator_Studio_Workspace/ci-geofencing/ios/build/ci-geofencing.build/Release-iphoneos/ci-geofencing.build/CiGeofencing-project-headers.hmap -I/Users/doe/Documents/Appcelerator_Studio_Workspace/ci-geofencing/ios/build/Release-iphoneos/include -I/Users/doe/Library/Application\ Support/Titanium/mobilesdk/osx/7.0.0.GA/iphone/include -I/Users/doe/Library/Application\ Support/Titanium/mobilesdk/osx/7.0.0.GA/iphone/include/TiCore -I/Users/doe/Library/Application\ Support/Titanium/mobilesdk/osx/7.0.0.GA/iphone/include/JavaScriptCore -I/Users/doe/Documents/Appcelerator_Studio_Workspace/ci-geofencing/ios/build/ci-geofencing.build/Release-iphoneos/ci-geofencing.build/DerivedSources/armv7 -I/Users/doe/Documents/Appcelerator_Studio_Workspace/ci-geofencing/ios/build/ci-geofencing.build/Release-iphoneos/ci-geofencing.build/DerivedSources -F/Users/doe/Documents/Appcelerator_Studio_Workspace/ci-geofencing/ios/build/Release-iphoneos -DTI_POST_1_2 -include /Users/doe/Documents/Appcelerator_Studio_Workspace/ci-geofencing/ios/build/SharedPrecompiledHeaders/CiGeofencing_Prefix-bjyeqvliaiiktvdcpampbjpfjygr/CiGeofencing_Prefix.pch -MMD -MT dependencies -MF /Users/doe/Documents/Appcelerator_Studio_Workspace/ci-geofencing/ios/build/ci-geofencing.build/Release-iphoneos/ci-geofencing.build/Objects-normal/armv7/CiGeofencingModuleAssets.d --serialize-diagnostics /Users/doe/Documents/Appcelerator_Studio_Workspace/ci-geofencing/ios/build/ci-geofencing.build/Release-iphoneos/ci-geofencing.build/Objects-normal/armv7/CiGeofencingModuleAssets.dia -c /Users/doe/Documents/Appcelerator_Studio_Workspace/ci-geofencing/ios/Classes/CiGeofencingModuleAssets.m -o /Users/doe/Documents/Appcelerator_Studio_Workspace/ci-geofencing/ios/build/ci-geofencing.build/Release-iphoneos/ci-geofencing.build/Objects-normal/armv7/CiGeofencingModuleAssets.o
[TRACE]  [xcode-dist] Libtool build/Release-iphoneos/libCiGeofencing.a normal armv7
[TRACE]  [xcode-dist]     cd /Users/doe/Documents/Appcelerator_Studio_Workspace/ci-geofencing/ios
[TRACE]  [xcode-dist]     export IPHONEOS_DEPLOYMENT_TARGET=8.0
[TRACE]  [xcode-dist]     export PATH="/Applications/Xcode.app/Contents/Developer/Platforms/iPhoneOS.platform/Developer/usr/bin:/Applications/Xcode.app/Contents/Developer/usr/bin:/Library/Java/JavaVirtualMachines/jdk1.8.0_131.jdk/Contents/Home/bin:/usr/local/bin:/usr/bin:/bin:/usr/sbin:/sbin"
[TRACE]  [xcode-dist]     /Applications/Xcode.app/Contents/Developer/Toolchains/XcodeDefault.xctoolchain/usr/bin/libtool -static -arch_only armv7 -syslibroot /Applications/Xcode.app/Contents/Developer/Platforms/iPhoneOS.platform/Developer/SDKs/iPhoneOS11.2.sdk -L/Users/doe/Documents/Appcelerator_Studio_Workspace/ci-geofencing/ios/build/Release-iphoneos -filelist /Users/doe/Documents/Appcelerator_Studio_Workspace/ci-geofencing/ios/build/ci-geofencing.build/Release-iphoneos/ci-geofencing.build/Objects-normal/armv7/CiGeofencing.LinkFileList -framework Foundation -o /Users/doe/Documents/Appcelerator_Studio_Workspace/ci-geofencing/ios/build/Release-iphoneos/libCiGeofencing.a
[TRACE]  [xcode-sim] In file included from /Users/doe/Documents/Appcelerator_Studio_Workspace/ci-geofencing/ios/Classes/CiGeofencingModule.m:7:
[TRACE]  [xcode-sim] In file included from /Users/doe/Documents/Appcelerator_Studio_Workspace/ci-geofencing/ios/Classes/CiGeofencingModule.h:7:
[TRACE]  [xcode-sim] In file included from /Users/doe/Library/Application Support/Titanium/mobilesdk/osx/7.0.0.GA/iphone/include/TiModule.h:7:
[TRACE]  [xcode-sim] In file included from /Users/doe/Library/Application Support/Titanium/mobilesdk/osx/7.0.0.GA/iphone/include/TiEvaluator.h:7:
[TRACE]  [xcode-sim] In file included from /Users/doe/Library/Application Support/Titanium/mobilesdk/osx/7.0.0.GA/iphone/include/KrollContext.h:7:
[TRACE]  [xcode-sim] In file included from /Users/doe/Library/Application Support/Titanium/mobilesdk/osx/7.0.0.GA/iphone/include/TiToJS.h:122:
[TRACE]  [xcode-sim] In file included from /Users/doe/Library/Application Support/Titanium/mobilesdk/osx/7.0.0.GA/iphone/include/JavaScriptCore/TiCore.h:36:
[TRACE]  [xcode-sim] In file included from /Users/doe/Library/Application Support/Titanium/mobilesdk/osx/7.0.0.GA/iphone/include/JavaScriptCore/Ti.h:38:
[TRACE]  [xcode-sim] /Users/doe/Library/Application Support/Titanium/mobilesdk/osx/7.0.0.GA/iphone/include/JavaScriptCore/TiContextRef.h:58:49: warning: this function declaration is not a prototype [-Wstrict-prototypes]
[TRACE]  [xcode-sim] JS_EXPORT TiContextGroupRef TiContextGroupCreate() CF_AVAILABLE(10_6, 7_0);
[TRACE]  [xcode-sim]                                                 ^
[TRACE]  [xcode-sim]                                                  void
[TRACE]  [xcode-sim] In file included from /Users/doe/Documents/Appcelerator_Studio_Workspace/ci-geofencing/ios/Classes/CiGeofencingModule.m:7:
[TRACE]  [xcode-sim] In file included from /Users/doe/Documents/Appcelerator_Studio_Workspace/ci-geofencing/ios/Classes/CiGeofencingModule.h:7:
[TRACE]  [xcode-sim] In file included from /Users/doe/Library/Application Support/Titanium/mobilesdk/osx/7.0.0.GA/iphone/include/TiModule.h:7:
[TRACE]  [xcode-sim] In file included from /Users/doe/Library/Application Support/Titanium/mobilesdk/osx/7.0.0.GA/iphone/include/TiEvaluator.h:7:
[TRACE]  [xcode-sim] /Users/doe/Library/Application Support/Titanium/mobilesdk/osx/7.0.0.GA/iphone/include/KrollContext.h:74:38: warning: this block declaration is not a prototype [-Wstrict-prototypes]
[TRACE]  [xcode-sim] - (void)invokeBlockOnThread:(void (^)())block;
[TRACE]  [xcode-sim]                                      ^
[TRACE]  [xcode-sim]                                       void
[TRACE]  [xcode-sim] /Users/doe/Library/Application Support/Titanium/mobilesdk/osx/7.0.0.GA/iphone/include/KrollContext.h:75:30: warning: this block declaration is not a prototype [-Wstrict-prototypes]
[TRACE]  [xcode-sim] + (void)invokeBlock:(void (^)())block;
[TRACE]  [xcode-sim]                              ^
[TRACE]  [xcode-sim]                               void
[TRACE]  [xcode-sim] In file included from /Users/doe/Documents/Appcelerator_Studio_Workspace/ci-geofencing/ios/Classes/CiGeofencingModule.m:7:
[TRACE]  [xcode-sim] In file included from /Users/doe/Documents/Appcelerator_Studio_Workspace/ci-geofencing/ios/Classes/CiGeofencingModule.h:7:
[TRACE]  [xcode-sim] In file included from /Users/doe/Library/Application Support/Titanium/mobilesdk/osx/7.0.0.GA/iphone/include/TiModule.h:8:
[TRACE]  [xcode-sim] In file included from /Users/doe/Library/Application Support/Titanium/mobilesdk/osx/7.0.0.GA/iphone/include/TiProxy.h:14:
[TRACE]  [xcode-sim] /Users/doe/Library/Application Support/Titanium/mobilesdk/osx/7.0.0.GA/iphone/include/TiBase.h:75:42: warning: this function declaration is not a prototype [-Wstrict-prototypes]
[TRACE]  [xcode-sim] NSMutableArray *TiCreateNonRetainingArray();
[TRACE]  [xcode-sim]                                          ^
[TRACE]  [xcode-sim]                                           void
[TRACE]  [xcode-sim] /Users/doe/Library/Application Support/Titanium/mobilesdk/osx/7.0.0.GA/iphone/include/TiBase.h:78:52: warning: this function declaration is not a prototype [-Wstrict-prototypes]
[TRACE]  [xcode-sim] NSMutableDictionary *TiCreateNonRetainingDictionary();
[TRACE]  [xcode-sim]                                                    ^
[TRACE]  [xcode-sim]                                                     void
[TRACE]  [xcode-sim] /Users/doe/Documents/Appcelerator_Studio_Workspace/ci-geofencing/ios/Classes/CiGeofencingModule.m:175:33: warning: 'initCircularRegionWithCenter:radius:identifier:' is deprecated: first deprecated in iOS 7.0 - Please see CLCircularRegion [-Wdeprecated-declarations]
[TRACE]  [xcode-sim]         region = [[CLRegion alloc] initCircularRegionWithCenter:centerCoordinate
[TRACE]  [xcode-sim]                                    ^
[TRACE]  [xcode-sim] In file included from /Users/doe/Documents/Appcelerator_Studio_Workspace/ci-geofencing/ios/Classes/CiGeofencingModule.m:7:
[TRACE]  [xcode-sim] In file included from /Users/doe/Documents/Appcelerator_Studio_Workspace/ci-geofencing/ios/Classes/CiGeofencingModule.h:8:
[TRACE]  [xcode-sim] In file included from /Applications/Xcode.app/Contents/Developer/Platforms/iPhoneSimulator.platform/Developer/SDKs/iPhoneSimulator11.2.sdk/System/Library/Frameworks/CoreLocation.framework/Headers/CoreLocation.h:20:
[TRACE]  [xcode-sim] /Applications/Xcode.app/Contents/Developer/Platforms/iPhoneSimulator.platform/Developer/SDKs/iPhoneSimulator11.2.sdk/System/Library/Frameworks/CoreLocation.framework/Headers/CLRegion.h:66:1: note: 'initCircularRegionWithCenter:radius:identifier:' has been explicitly marked deprecated here
[TRACE]  [xcode-sim] - (instancetype)initCircularRegionWithCenter:(CLLocationCoordinate2D)center
[TRACE]  [xcode-sim] ^
[TRACE]  [xcode-sim] 6 warnings generated.
[TRACE]  [xcode-sim] Libtool build/Release-iphonesimulator/libCiGeofencing.a normal i386
[TRACE]  [xcode-sim]     cd /Users/doe/Documents/Appcelerator_Studio_Workspace/ci-geofencing/ios
[TRACE]  [xcode-sim]     export IPHONEOS_DEPLOYMENT_TARGET=8.0
[TRACE]  [xcode-sim]     export PATH="/Applications/Xcode.app/Contents/Developer/Platforms/iPhoneSimulator.platform/Developer/usr/bin:/Applications/Xcode.app/Contents/Developer/usr/bin:/Library/Java/JavaVirtualMachines/jdk1.8.0_131.jdk/Contents/Home/bin:/usr/local/bin:/usr/bin:/bin:/usr/sbin:/sbin"
[TRACE]  [xcode-sim]     /Applications/Xcode.app/Contents/Developer/Toolchains/XcodeDefault.xctoolchain/usr/bin/libtool -static -arch_only i386 -syslibroot /Applications/Xcode.app/Contents/Developer/Platforms/iPhoneSimulator.platform/Developer/SDKs/iPhoneSimulator11.2.sdk -L/Users/doe/Documents/Appcelerator_Studio_Workspace/ci-geofencing/ios/build/Release-iphonesimulator -filelist /Users/doe/Documents/Appcelerator_Studio_Workspace/ci-geofencing/ios/build/ci-geofencing.build/Release-iphonesimulator/ci-geofencing.build/Objects-normal/i386/CiGeofencing.LinkFileList -framework Foundation -o /Users/doe/Documents/Appcelerator_Studio_Workspace/ci-geofencing/ios/build/Release-iphonesimulator/libCiGeofencing.a
[TRACE]  [xcode-dist] ** BUILD SUCCEEDED **
[TRACE]  [xcode-sim] ** BUILD SUCCEEDED **
[INFO]   Creating universal library
[DEBUG]  Running: /Applications/Xcode.app/Contents/Developer/Toolchains/XcodeDefault.xctoolchain/usr/bin/lipo /Users/doe/Documents/Appcelerator_Studio_Workspace/ci-geofencing/ios/build/Release-iphoneos/libci.geofencing.a /Users/doe/Documents/Appcelerator_Studio_Workspace/ci-geofencing/ios/build/Release-iphonesimulator/libci.geofencing.a -create -output /Users/doe/Documents/Appcelerator_Studio_Workspace/ci-geofencing/ios/build/libci.geofencing.a
[INFO]   Verifying universal library
[DEBUG]  Running: /Applications/Xcode.app/Contents/Developer/Toolchains/XcodeDefault.xctoolchain/usr/bin/lipo -info /Users/doe/Documents/Appcelerator_Studio_Workspace/ci-geofencing/ios/build/libci.geofencing.a
[INFO]   Creating module zip
[INFO]   Writing module zip: /Users/doe/Documents/Appcelerator_Studio_Workspace/ci-geofencing/ios/ci.geofencing-iphone-1.6.9.zip
[INFO]   Project built successfully in 5s 757ms
